Info: ili2pg-3.11.1-20171229
Info: ili2c-4.7.6-20171229
Info: iox-ili-1.20.2-SNAPSHOT-cb48347cacdec2797e78c5ec894c8fe2ba1f3eb9
Info: java.version 1.8.0_112
Info: user.name <stefan>
Info: maxMemory 932352 KB
Info: currentTime 2018-01-28 19:10:33
Info: dbschema <avt_oevkov_test_1>
Info: databaseProduct <PostgreSQL>
Info: databaseVersion <10.1>
Info: driverName <PostgreSQL JDBC Driver>
Info: driverVersion <42.1.4>
Info: postGISVersion <POSTGIS="2.4.2 r16113" PGSQL="100" GEOS="3.5.0-CAPI-1.9.0 r4084" PROJ="Rel. 4.9.2, 08 September 2015" GDAL="GDAL 1.11.3, released 2015/09/16" LIBXML="2.9.3" LIBJSON="0.11.99" LIBPROTOBUF="1.2.1" RASTER>
Info: compile models...
Info: lookup model <SO_AVT_OekKov_20180126> in repository <http://models.geo.admin.ch>
Info: lookup model <SO_AVT_OekKov_20180126> in repository <../ili/>
Info: lookup model <GeometryCHLV95_V1> 2.3 in repository <http://models.geo.admin.ch>
Info: lookup model <CoordSys> 2.3 in repository <http://models.geo.admin.ch>
Info: lookup model <CoordSys> 2.3 in repository <../ili/>
Info: lookup model <CoordSys> 2.3 in repository <http://models.interlis.ch/>
Info: lookup model <Units> 2.3 in repository <http://models.geo.admin.ch>
Info: lookup model <Units> 2.3 in repository <../ili/>
Info: lookup model <Units> 2.3 in repository <http://models.interlis.ch/>
Info: ilifile </Users/stefan/.ilicache/models.interlis.ch/refhb23/CoordSys-20151124.ili>
Info: ilifile </Users/stefan/.ilicache/models.interlis.ch/refhb23/Units-20120220.ili>
Info: ilifile </Users/stefan/.ilicache/models.geo.admin.ch/CH/CHBase_Part1_GEOMETRY_20110830.ili>
Info: ilifile <../ili/SO_AVT_OevKov_20180126.ili>
Info: create table structure...
Info: ...done
